<?xml version="1.0" encoding="UTF-8"?>
<!-- Generated by org.testng.reporters.JUnitXMLReporter -->
<testsuite ignored="0" hostname="DESKTOP-GUA6QTH" failures="0" tests="8" name="Run on Chrome" time="22.653" errors="0" timestamp="2024-05-29T14:20:55 ICT">
  <testcase classname="jenkins.TestClass_01_Register" name="TC_001_RegisterWithEmailAndPassEmpty" time="0.096"/>
  <testcase classname="jenkins.TestClass_01_Register" name="TC_002_RegisterWithEmailAndPassEmpty" time="0.112"/>
  <testcase classname="jenkins.TestClass_01_Register" name="TC_003_RegisterWithEmailAndPassEmpty" time="0.074"/>
  <testcase classname="jenkins.TestClass_01_Register" name="TC_004_RegisterWithEmailAndPassEmpty" time="0.05"/>
  <testcase classname="jenkins.TestClass_02_Login" name="TC_001_LoginWithEmailAndPassEmpty" time="0.056"/>
  <testcase classname="jenkins.TestClass_02_Login" name="TC_002_LoginWithEmailAndPassEmpty" time="0.072"/>
  <testcase classname="jenkins.TestClass_02_Login" name="TC_003_LoginWithEmailAndPassEmpty" time="0.057"/>
  <testcase classname="jenkins.TestClass_02_Login" name="TC_004_LoginWithEmailAndPassEmpty" time="0.051"/>
</testsuite> <!-- Run on Chrome -->
