<?xml version="1.0" encoding="UTF-8"?>
<testsuite xmlns:xsi="http://www.w3.org/2001/XMLSchema-instance" xsi:noNamespaceSchemaLocation="https://maven.apache.org/surefire/maven-surefire-plugin/xsd/surefire-test-report.xsd" name="TestSuite" time="26.609" tests="8" errors="0" skipped="0" failures="0">
  <properties>
[...]
</properties>
  <testcase name="TC_001_RegisterWithEmailAndPassEmpty" classname="jenkins.TestClass_01_Register" time="0.06"/>
  <testcase name="TC_002_RegisterWithEmailAndPassEmpty" classname="jenkins.TestClass_01_Register" time="0.082"/>
  <testcase name="TC_003_RegisterWithEmailAndPassEmpty" classname="jenkins.TestClass_01_Register" time="0.054"/>
  <testcase name="TC_004_RegisterWithEmailAndPassEmpty" classname="jenkins.TestClass_01_Register" time="0.055"/>
  <testcase name="TC_001_LoginWithEmailAndPassEmpty" classname="jenkins.TestClass_02_Login" time="0.065"/>
  <testcase name="TC_002_LoginWithEmailAndPassEmpty" classname="jenkins.TestClass_02_Login" time="0.058"/>
  <testcase name="TC_003_LoginWithEmailAndPassEmpty" classname="jenkins.TestClass_02_Login" time="0.065"/>
  <testcase name="TC_004_LoginWithEmailAndPassEmpty" classname="jenkins.TestClass_02_Login" time="0.059"/>
</testsuite>