<?xml version="1.0" encoding="UTF-8"?>
<!-- Generated by org.testng.reporters.JUnitXMLReporter -->
<testsuite ignored="0" hostname="DESKTOP-GUA6QTH" failures="0" tests="8" name="Run on Chrome" time="25.701" errors="0" timestamp="2024-05-29T14:27:11 ICT">
  <testcase classname="jenkins.TestClass_01_Register" name="TC_001_RegisterWithEmailAndPassEmpty" time="0.087"/>
  <testcase classname="jenkins.TestClass_01_Register" name="TC_002_RegisterWithEmailAndPassEmpty" time="0.081"/>
  <testcase classname="jenkins.TestClass_01_Register" name="TC_003_RegisterWithEmailAndPassEmpty" time="0.054"/>
  <testcase classname="jenkins.TestClass_01_Register" name="TC_004_RegisterWithEmailAndPassEmpty" time="0.055"/>
  <testcase classname="jenkins.TestClass_02_Login" name="TC_001_LoginWithEmailAndPassEmpty" time="0.066"/>
  <testcase classname="jenkins.TestClass_02_Login" name="TC_002_LoginWithEmailAndPassEmpty" time="0.058"/>
  <testcase classname="jenkins.TestClass_02_Login" name="TC_003_LoginWithEmailAndPassEmpty" time="0.065"/>
  <testcase classname="jenkins.TestClass_02_Login" name="TC_004_LoginWithEmailAndPassEmpty" time="0.06"/>
</testsuite> <!-- Run on Chrome -->
