<?xml version="1.0" encoding="UTF-8"?>
<testng-results ignored="0" total="8" passed="8" failed="0" skipped="0">
  <reporter-output>
  </reporter-output>
  <suite started-at="2024-05-29T14:20:32 ICT" name="Jenkins" finished-at="2024-05-29T14:20:55 ICT" duration-ms="22653">
    <groups>
    </groups>
    <test started-at="2024-05-29T14:20:32 ICT" name="Run on Chrome" finished-at="2024-05-29T14:20:55 ICT" duration-ms="22653">
      <class name="jenkins.TestClass_02_Login">
        <test-method is-config="true" signature="beforeClass()[pri:0, instance:jenkins.TestClass_02_Login@27fde870]" started-at="2024-05-29T14:20:45 ICT" name="beforeClass" finished-at="2024-05-29T14:20:45 ICT" duration-ms="694" status="PASS">
          <reporter-output>
          </reporter-output>
        </test-method> <!-- beforeClass -->
        <test-method is-config="true" signature="runForEachTest()[pri:0, instance:jenkins.TestClass_02_Login@27fde870]" started-at="2024-05-29T14:20:45 ICT" name="runForEachTest" finished-at="2024-05-29T14:20:50 ICT" duration-ms="4772" status="PASS">
          <reporter-output>
          </reporter-output>
        </test-method> <!-- runForEachTest -->
        <test-method signature="TC_001_LoginWithEmailAndPassEmpty()[pri:0, instance:jenkins.TestClass_02_Login@27fde870]" started-at="2024-05-29T14:20:50 ICT" name="TC_001_LoginWithEmailAndPassEmpty" finished-at="2024-05-29T14:20:50 ICT" duration-ms="56" status="PASS">
          <reporter-output>
          </reporter-output>
        </test-method> <!-- TC_001_LoginWithEmailAndPassEmpty -->
        <test-method is-config="true" signature="runForEachTest()[pri:0, instance:jenkins.TestClass_02_Login@27fde870]" started-at="2024-05-29T14:20:50 ICT" name="runForEachTest" finished-at="2024-05-29T14:20:52 ICT" duration-ms="1513" status="PASS">
          <reporter-output>
          </reporter-output>
        </test-method> <!-- runForEachTest -->
        <test-method signature="TC_002_LoginWithEmailAndPassEmpty()[pri:0, instance:jenkins.TestClass_02_Login@27fde870]" started-at="2024-05-29T14:20:52 ICT" name="TC_002_LoginWithEmailAndPassEmpty" finished-at="2024-05-29T14:20:52 ICT" duration-ms="72" status="PASS">
          <reporter-output>
          </reporter-output>
        </test-method> <!-- TC_002_LoginWithEmailAndPassEmpty -->
        <test-method is-config="true" signature="runForEachTest()[pri:0, instance:jenkins.TestClass_02_Login@27fde870]" started-at="2024-05-29T14:20:52 ICT" name="runForEachTest" finished-at="2024-05-29T14:20:53 ICT" duration-ms="1596" status="PASS">
          <reporter-output>
          </reporter-output>
        </test-method> <!-- runForEachTest -->
        <test-method signature="TC_003_LoginWithEmailAndPassEmpty()[pri:0, instance:jenkins.TestClass_02_Login@27fde870]" started-at="2024-05-29T14:20:53 ICT" name="TC_003_LoginWithEmailAndPassEmpty" finished-at="2024-05-29T14:20:53 ICT" duration-ms="57" status="PASS">
          <reporter-output>
          </reporter-output>
        </test-method> <!-- TC_003_LoginWithEmailAndPassEmpty -->
        <test-method is-config="true" signature="runForEachTest()[pri:0, instance:jenkins.TestClass_02_Login@27fde870]" started-at="2024-05-29T14:20:53 ICT" name="runForEachTest" finished-at="2024-05-29T14:20:55 ICT" duration-ms="1540" status="PASS">
          <reporter-output>
          </reporter-output>
        </test-method> <!-- runForEachTest -->
        <test-method signature="TC_004_LoginWithEmailAndPassEmpty()[pri:0, instance:jenkins.TestClass_02_Login@27fde870]" started-at="2024-05-29T14:20:55 ICT" name="TC_004_LoginWithEmailAndPassEmpty" finished-at="2024-05-29T14:20:55 ICT" duration-ms="51" status="PASS">
          <reporter-output>
          </reporter-output>
        </test-method> <!-- TC_004_LoginWithEmailAndPassEmpty -->
        <test-method is-config="true" signature="afterClass()[pri:0, instance:jenkins.TestClass_02_Login@27fde870]" started-at="2024-05-29T14:20:55 ICT" name="afterClass" finished-at="2024-05-29T14:20:55 ICT" duration-ms="117" status="PASS">
          <reporter-output>
          </reporter-output>
        </test-method> <!-- afterClass -->
      </class> <!-- jenkins.TestClass_02_Login -->
      <class name="jenkins.TestClass_01_Register">
        <test-method is-config="true" signature="beforeClass()[pri:0, instance:jenkins.TestClass_01_Register@388b401d]" started-at="2024-05-29T14:20:32 ICT" name="beforeClass" finished-at="2024-05-29T14:20:35 ICT" duration-ms="2187" status="PASS">
          <reporter-output>
          </reporter-output>
        </test-method> <!-- beforeClass -->
        <test-method is-config="true" signature="runForEachTest()[pri:0, instance:jenkins.TestClass_01_Register@388b401d]" started-at="2024-05-29T14:20:35 ICT" name="runForEachTest" finished-at="2024-05-29T14:20:40 ICT" duration-ms="4885" status="PASS">
          <reporter-output>
          </reporter-output>
        </test-method> <!-- runForEachTest -->
        <test-method signature="TC_001_RegisterWithEmailAndPassEmpty()[pri:0, instance:jenkins.TestClass_01_Register@388b401d]" started-at="2024-05-29T14:20:40 ICT" name="TC_001_RegisterWithEmailAndPassEmpty" finished-at="2024-05-29T14:20:40 ICT" duration-ms="96" status="PASS">
          <reporter-output>
          </reporter-output>
        </test-method> <!-- TC_001_RegisterWithEmailAndPassEmpty -->
        <test-method is-config="true" signature="runForEachTest()[pri:0, instance:jenkins.TestClass_01_Register@388b401d]" started-at="2024-05-29T14:20:40 ICT" name="runForEachTest" finished-at="2024-05-29T14:20:41 ICT" duration-ms="1515" status="PASS">
          <reporter-output>
          </reporter-output>
        </test-method> <!-- runForEachTest -->
        <test-method signature="TC_002_RegisterWithEmailAndPassEmpty()[pri:0, instance:jenkins.TestClass_01_Register@388b401d]" started-at="2024-05-29T14:20:41 ICT" name="TC_002_RegisterWithEmailAndPassEmpty" finished-at="2024-05-29T14:20:41 ICT" duration-ms="112" status="PASS">
          <reporter-output>
          </reporter-output>
        </test-method> <!-- TC_002_RegisterWithEmailAndPassEmpty -->
        <test-method is-config="true" signature="runForEachTest()[pri:0, instance:jenkins.TestClass_01_Register@388b401d]" started-at="2024-05-29T14:20:41 ICT" name="runForEachTest" finished-at="2024-05-29T14:20:43 ICT" duration-ms="1527" status="PASS">
          <reporter-output>
          </reporter-output>
        </test-method> <!-- runForEachTest -->
        <test-method signature="TC_003_RegisterWithEmailAndPassEmpty()[pri:0, instance:jenkins.TestClass_01_Register@388b401d]" started-at="2024-05-29T14:20:43 ICT" name="TC_003_RegisterWithEmailAndPassEmpty" finished-at="2024-05-29T14:20:43 ICT" duration-ms="74" status="PASS">
          <reporter-output>
          </reporter-output>
        </test-method> <!-- TC_003_RegisterWithEmailAndPassEmpty -->
        <test-method is-config="true" signature="runForEachTest()[pri:0, instance:jenkins.TestClass_01_Register@388b401d]" started-at="2024-05-29T14:20:43 ICT" name="runForEachTest" finished-at="2024-05-29T14:20:44 ICT" duration-ms="1462" status="PASS">
          <reporter-output>
          </reporter-output>
        </test-method> <!-- runForEachTest -->
        <test-method signature="TC_004_RegisterWithEmailAndPassEmpty()[pri:0, instance:jenkins.TestClass_01_Register@388b401d]" started-at="2024-05-29T14:20:44 ICT" name="TC_004_RegisterWithEmailAndPassEmpty" finished-at="2024-05-29T14:20:45 ICT" duration-ms="50" status="PASS">
          <reporter-output>
          </reporter-output>
        </test-method> <!-- TC_004_RegisterWithEmailAndPassEmpty -->
        <test-method is-config="true" signature="afterClass()[pri:0, instance:jenkins.TestClass_01_Register@388b401d]" started-at="2024-05-29T14:20:45 ICT" name="afterClass" finished-at="2024-05-29T14:20:45 ICT" duration-ms="105" status="PASS">
          <reporter-output>
          </reporter-output>
        </test-method> <!-- afterClass -->
      </class> <!-- jenkins.TestClass_01_Register -->
    </test> <!-- Run on Chrome -->
  </suite> <!-- Jenkins -->
</testng-results>
